<?xml version="1.0" encoding="UTF-8"?>
<testng-results ignored="0" total="4" passed="3" failed="1" skipped="0">
  <reporter-output>
  </reporter-output>
  <suite started-at="2022-03-18T05:38:22Z" name="Suite" finished-at="2022-03-18T05:39:03Z" duration-ms="40917">
    <groups>
    </groups>
    <test started-at="2022-03-18T05:38:22Z" name="Test1" finished-at="2022-03-18T05:38:35Z" duration-ms="13727">
      <class name="testClass.TC_1">
        <test-method is-config="true" signature="browserLaunch()[pri:0, instance:testClass.TC_1@5454d35e]" started-at="2022-03-18T11:08:22Z" name="browserLaunch" finished-at="2022-03-18T11:08:27Z" duration-ms="5276" status="PASS">
          <reporter-output>
          </reporter-output>
        </test-method> <!-- browserLaunch -->
        <test-method is-config="true" signature="navigateToCart()[pri:0, instance:testClass.TC_1@5454d35e]" started-at="2022-03-18T11:08:27Z" name="navigateToCart" finished-at="2022-03-18T11:08:29Z" duration-ms="2312" status="PASS">
          <reporter-output>
          </reporter-output>
        </test-method> <!-- navigateToCart -->
        <test-method signature="verificationOfCartMsg()[pri:0, instance:testClass.TC_1@5454d35e]" started-at="2022-03-18T11:08:29Z" name="verificationOfCartMsg" finished-at="2022-03-18T11:08:30Z" duration-ms="798" status="FAIL">
          <exception class="java.lang.AssertionError">
            <message>
              <![CDATA[expected [Your Amazon Cart is empty] but found [Your Amazon Basket is empty]]]>
            </message>
            <full-stacktrace>
              <![CDATA[java.lang.AssertionError: expected [Your Amazon Cart is empty] but found [Your Amazon Basket is empty]
	at org.testng.Assert.fail(Assert.java:93)
	at org.testng.Assert.failNotEquals(Assert.java:512)
	at org.testng.Assert.assertEqualsImpl(Assert.java:134)
	at org.testng.Assert.assertEquals(Assert.java:115)
	at org.testng.Assert.assertEquals(Assert.java:189)
	at org.testng.Assert.assertEquals(Assert.java:199)
	at testClass.TC_1.verificationOfCartMsg(TC_1.java:44)
	at java.base/jdk.internal.reflect.NativeMethodAccessorImpl.invoke0(Native Method)
	at java.base/jdk.internal.reflect.NativeMethodAccessorImpl.invoke(NativeMethodAccessorImpl.java:77)
	at java.base/jdk.internal.reflect.DelegatingMethodAccessorImpl.invoke(DelegatingMethodAccessorImpl.java:43)
	at java.base/java.lang.reflect.Method.invoke(Method.java:568)
	at org.testng.internal.MethodInvocationHelper.invokeMethod(MethodInvocationHelper.java:108)
	at org.testng.internal.Invoker.invokeMethod(Invoker.java:661)
	at org.testng.internal.Invoker.invokeTestMethod(Invoker.java:869)
	at org.testng.internal.Invoker.invokeTestMethods(Invoker.java:1193)
	at org.testng.internal.TestMethodWorker.invokeTestMethods(TestMethodWorker.java:126)
	at org.testng.internal.TestMethodWorker.run(TestMethodWorker.java:109)
	at org.testng.TestRunner.privateRun(TestRunner.java:744)
	at org.testng.TestRunner.run(TestRunner.java:602)
	at org.testng.SuiteRunner.runTest(SuiteRunner.java:380)
	at org.testng.SuiteRunner.runSequentially(SuiteRunner.java:375)
	at org.testng.SuiteRunner.privateRun(SuiteRunner.java:340)
	at org.testng.SuiteRunner.run(SuiteRunner.java:289)
	at org.testng.SuiteRunnerWorker.runSuite(SuiteRunnerWorker.java:52)
	at org.testng.SuiteRunnerWorker.run(SuiteRunnerWorker.java:86)
	at org.testng.TestNG.runSuitesSequentially(TestNG.java:1301)
	at org.testng.TestNG.runSuitesLocally(TestNG.java:1226)
	at org.testng.TestNG.runSuites(TestNG.java:1144)
	at org.testng.TestNG.run(TestNG.java:1115)
	at org.apache.maven.surefire.testng.TestNGExecutor.run(TestNGExecutor.java:284)
	at org.apache.maven.surefire.testng.TestNGXmlTestSuite.execute(TestNGXmlTestSuite.java:75)
	at org.apache.maven.surefire.testng.TestNGProvider.invoke(TestNGProvider.java:119)
	at org.apache.maven.surefire.booter.ForkedBooter.runSuitesInProcess(ForkedBooter.java:428)
	at org.apache.maven.surefire.booter.ForkedBooter.execute(ForkedBooter.java:162)
	at org.apache.maven.surefire.booter.ForkedBooter.run(ForkedBooter.java:562)
	at org.apache.maven.surefire.booter.ForkedBooter.main(ForkedBooter.java:548)
]]>
            </full-stacktrace>
          </exception> <!-- java.lang.AssertionError -->
          <reporter-output>
          </reporter-output>
        </test-method> <!-- verificationOfCartMsg -->
        <test-method is-config="true" signature="closeBrowser()[pri:0, instance:testClass.TC_1@5454d35e]" started-at="2022-03-18T11:08:30Z" name="closeBrowser" finished-at="2022-03-18T11:08:35Z" duration-ms="5321" status="PASS">
          <reporter-output>
          </reporter-output>
        </test-method> <!-- closeBrowser -->
      </class> <!-- testClass.TC_1 -->
    </test> <!-- Test1 -->
    <test started-at="2022-03-18T05:38:35Z" name="Test2" finished-at="2022-03-18T05:39:03Z" duration-ms="27131">
      <class name="testClass.TC_2">
        <test-method is-config="true" signature="browserLaunch()[pri:0, instance:testClass.TC_2@31add175]" started-at="2022-03-18T11:08:35Z" name="browserLaunch" finished-at="2022-03-18T11:08:40Z" duration-ms="4649" status="PASS">
          <reporter-output>
          </reporter-output>
        </test-method> <!-- browserLaunch -->
        <test-method is-config="true" signature="searchItem()[pri:0, instance:testClass.TC_2@31add175]" started-at="2022-03-18T11:08:40Z" name="searchItem" finished-at="2022-03-18T11:08:49Z" duration-ms="9083" status="PASS">
          <reporter-output>
          </reporter-output>
        </test-method> <!-- searchItem -->
        <test-method signature="VerificationOfCartCount()[pri:0, instance:testClass.TC_2@31add175]" started-at="2022-03-18T11:08:49Z" name="VerificationOfCartCount" finished-at="2022-03-18T11:08:52Z" duration-ms="2382" status="PASS">
          <reporter-output>
          </reporter-output>
        </test-method> <!-- VerificationOfCartCount -->
        <test-method signature="verifyAddedCardItem()[pri:1, instance:testClass.TC_2@31add175]" started-at="2022-03-18T11:08:52Z" name="verifyAddedCardItem" finished-at="2022-03-18T11:08:55Z" duration-ms="3380" status="PASS">
          <reporter-output>
          </reporter-output>
        </test-method> <!-- verifyAddedCardItem -->
        <test-method signature="verifyAfterDeleteCartShowZero()[pri:2, instance:testClass.TC_2@31add175]" started-at="2022-03-18T11:08:55Z" name="verifyAfterDeleteCartShowZero" finished-at="2022-03-18T11:08:57Z" duration-ms="2182" status="PASS">
          <reporter-output>
          </reporter-output>
        </test-method> <!-- verifyAfterDeleteCartShowZero -->
        <test-method is-config="true" signature="closeBrowser()[pri:0, instance:testClass.TC_2@31add175]" started-at="2022-03-18T11:08:57Z" name="closeBrowser" finished-at="2022-03-18T11:09:03Z" duration-ms="5451" status="PASS">
          <reporter-output>
          </reporter-output>
        </test-method> <!-- closeBrowser -->
      </class> <!-- testClass.TC_2 -->
    </test> <!-- Test2 -->
  </suite> <!-- Suite -->
</testng-results>
